[debug] [2022-08-28T14:19:37.103Z] ----------------------------------------------------------------------
[debug] [2022-08-28T14:19:37.106Z] Command:       /usr/local/bin/node /Users/saidurrahman/.npm-global/bin/firebase deploy
[debug] [2022-08-28T14:19:37.106Z] CLI Version:   11.3.0
[debug] [2022-08-28T14:19:37.106Z] Platform:      darwin
[debug] [2022-08-28T14:19:37.106Z] Node Version:  v16.13.1
[debug] [2022-08-28T14:19:37.111Z] Time:          Sun Aug 28 2022 20:19:37 GMT+0600 (Bangladesh Standard Time)
[debug] [2022-08-28T14:19:37.111Z] ----------------------------------------------------------------------
[debug] 
[debug] [2022-08-28T14:19:37.228Z] > command requires scopes: ["email","openid","https://www.googleapis.com/auth/cloudplatformprojects.readonly","https://www.googleapis.com/auth/firebase","https://www.googleapis.com/auth/cloud-platform"]
[debug] [2022-08-28T14:19:37.228Z] > authorizing via signed-in user (hero6.dev@gmail.com)
[debug] [2022-08-28T14:19:37.229Z] [iam] checking project my-portfolio-production for permissions ["firebase.projects.get","firebasehosting.sites.update"]
[debug] [2022-08-28T14:19:37.231Z] > refreshing access token with scopes: []
[debug] [2022-08-28T14:19:37.233Z] >>> [apiv2][query] POST https://www.googleapis.com/oauth2/v3/token [none]
[debug] [2022-08-28T14:19:37.233Z] >>> [apiv2][body] POST https://www.googleapis.com/oauth2/v3/token [omitted]
[debug] [2022-08-28T14:19:37.789Z] <<< [apiv2][status] POST https://www.googleapis.com/oauth2/v3/token 200
[debug] [2022-08-28T14:19:37.789Z] <<< [apiv2][body] POST https://www.googleapis.com/oauth2/v3/token [omitted]
[debug] [2022-08-28T14:19:37.817Z] >>> [apiv2][query] POST https://cloudresourcemanager.googleapis.com/v1/projects/my-portfolio-production:testIamPermissions [none]
[debug] [2022-08-28T14:19:37.817Z] >>> [apiv2][body] POST https://cloudresourcemanager.googleapis.com/v1/projects/my-portfolio-production:testIamPermissions {"permissions":["firebase.projects.get","firebasehosting.sites.update"]}
[debug] [2022-08-28T14:19:39.417Z] <<< [apiv2][status] POST https://cloudresourcemanager.googleapis.com/v1/projects/my-portfolio-production:testIamPermissions 200
[debug] [2022-08-28T14:19:39.417Z] <<< [apiv2][body] POST https://cloudresourcemanager.googleapis.com/v1/projects/my-portfolio-production:testIamPermissions {}
[debug] [2022-08-28T14:19:39.417Z] [iam] error while checking permissions, command may fail: FirebaseError: Authorization failed. This account is missing the following required permissions on project my-portfolio-production:

  firebase.projects.get
  firebasehosting.sites.update
[debug] [2022-08-28T14:19:39.418Z] >>> [apiv2][query] GET https://firebase.googleapis.com/v1beta1/projects/my-portfolio-production [none]
[debug] [2022-08-28T14:19:40.101Z] <<< [apiv2][status] GET https://firebase.googleapis.com/v1beta1/projects/my-portfolio-production 403
[debug] [2022-08-28T14:19:40.101Z] <<< [apiv2][body] GET https://firebase.googleapis.com/v1beta1/projects/my-portfolio-production {"error":{"code":403,"message":"The caller does not have permission","status":"PERMISSION_DENIED"}}
[debug] [2022-08-28T14:19:40.102Z] HTTP Error: 403, The caller does not have permission
[debug] [2022-08-28T14:19:40.382Z] FirebaseError: HTTP Error: 403, The caller does not have permission
    at responseToError (/Users/saidurrahman/.npm-global/lib/node_modules/firebase-tools/lib/responseToError.js:49:12)
    at RetryOperation._fn (/Users/saidurrahman/.npm-global/lib/node_modules/firebase-tools/lib/apiv2.js:287:77)
    at processTicksAndRejections (node:internal/process/task_queues:96:5)
[error] 
[error] Error: Failed to get Firebase project my-portfolio-production. Please make sure the project exists and your account has permission to access it.
